[web/index.html]
[backblue.gif]
[fade.gif]
[index.html]
[web/smart-gates-management.jpg]
[web/mstile-144x144.png]
[web/mstile-70x70.png]
[web/mstile-150x150.png]
[web/favicon-16x16.png]
[web/favicon-32x32.png]
[web/favicon-96x96.png]
[web/favicon-128x128.png]
[web/favicon-196x196.png]
[web/apple-touch-icon-57x57.png]
[web/apple-touch-icon-60x60.png]
[web/apple-touch-icon-72x72.png]
[web/apple-touch-icon-76x76.png]
[web/apple-touch-icon-114x114.png]
[web/apple-touch-icon-120x120.png]
[web/apple-touch-icon-144x144.png]
[web/apple-touch-icon-152x152.png]
[web/apple-touch-icon-180x180.png]
[web/main.2906200724.css]
[web/timed-contenta4b6.css]
[web/jqueryb8ff.js]
[web/jquery-migrate.min330a.js]
[web/timed-contenta4b6.js]
[web/use-cases-gates-header.jpg]
[web/uc-nav-bg-climate.jpg]
[web/nav_walli_2.jpg]
[web/nav-dimmer.jpg]
[web/nav-switches.jpg]
[web/nav-rgbw-1.jpg]
[web/wall_plugi_menu_icon_3.jpg]
[web/nav-roller-1.jpg]
[web/nav_smartimplant.png]
[web/nav-thermo.png]
[web/nav-smoke-1.jpg]
[web/nav-co.jpg]
[web/nav-intercom.jpg]
[web/nav-motion.jpg]
[web/nav-dws.jpg]
[web/nav-flood.jpg]
[web/nav-keyfob.jpg]
[web/nav-button.jpg]
[web/nav-swipe.jpg]
[web/nav_app.jpg]
[web/nav-hc2-black.jpg]
[web/nav-hc3-black.jpg]
[web/nav-hcl.jpg]
[web/nav-fibaro.png]
[web/nav-smartthings.png]
[web/nav-homekit.png]
[web/use-cases-gates-savings.jpg]
[web/use-cases-gates-security.jpg]
[web/use-cases-gates-comfort.jpg]
[web/use-cases-schedule.jpg]
[web/use-cases-switch.jpg]
[web/use-cases-gates-_usecase_1.jpg]
[web/use-cases-weather.jpg]
[web/use-cases-gates-_usecase_2.jpg]
[web/use-cases-geolocation.jpg]
[web/use-cases-ubs.jpg]
[web/use-cases-gates-_usecase_3.jpg]
[web/use-cases-keyfob.jpg]
[web/use-cases-gates-_usecase_4.jpg]
[web/use-cases-alarm.jpg]
[web/use-cases-gates-_usecase_5.jpg]
[web/use-cases-alexa-google.jpg]
[web/use-cases-lock.jpg]
[web/use-cases-gates-_usecase_6.jpg]
[web/use-cases-lighting-header-small.jpg]
[web/use-cases-gates-header-small.jpg]
[web/use-cases-climate-header-small.jpg]
[web/use-cases-safety-header-small.jpg]
[web/use-cases-security-header-small.jpg]
[web/use-cases-multimedia-header-small.jpg]
[web/use-cases-mood-header-small.jpg]
[web/use-cases-garden-header-small.jpg]
[web/smart-home-system.png]
[web/vendor.1912191358.js]
[web/main.2110191037.js]
[web/main-use-cases.0810191109.js]
[web/index.html]
[web/mstile-144x144.html]
[web/cant-find.png]
[web/second-nav-bg.png]
[web/main.2906200724.css]
[web/timed-contenta4b6.css]
[web/gtm5445.html]
[web/cant-find.html]
