[web/index.html]
[backblue.gif]
[fade.gif]
[index.html]
[web/mstile-144x144.png]
[web/mstile-70x70.png]
[web/mstile-150x150.png]
[web/favicon-16x16.png]
[web/favicon-32x32.png]
[web/favicon-96x96.png]
[web/favicon-128x128.png]
[web/favicon-196x196.png]
[web/apple-touch-icon-57x57.png]
[web/apple-touch-icon-60x60.png]
[web/apple-touch-icon-72x72.png]
[web/apple-touch-icon-76x76.png]
[web/apple-touch-icon-114x114.png]
[web/apple-touch-icon-120x120.png]
[web/apple-touch-icon-144x144.png]
[web/apple-touch-icon-152x152.png]
[web/apple-touch-icon-180x180.png]
[web/main.2906200724.css]
[web/timed-contenta4b6.css]
[web/jqueryb8ff.js]
[web/jquery-migrate.min330a.js]
[web/timed-contenta4b6.js]
[web/1-1-1.jpg]
[web/0-0-0.jpg]
[web/1-0-0.jpg]
[web/1-1-0.jpg]
[web/0-1-0.jpg]
[web/0-1-1.jpg]
[web/0-0-1.jpg]
[web/1-0-1.jpg]
[web/nav-dimmer.jpg]
[web/nav-relay.jpg]
[web/nav-rgbw-1.jpg]
[web/ikona_wp_us_menu.jpg]
[web/nav_smartimplant.png]
[web/nav-motion.jpg]
[web/nav-dws.jpg]
[web/nav-flood.jpg]
[web/nav-keyfob.jpg]
[web/nav-button.jpg]
[web/nav-swipe.jpg]
[web/nav_app.jpg]
[web/nav-hc2.jpg]
[web/nav-hcl.jpg]
[web/nav-fibaro.png]
[web/nav-smartthings.png]
[web/nav-homekit.png]
[web/st-mobile.png]
[web/st-mobile-empty.png]
[web/hk-device-flood.png]
[web/hk-device-motion.png]
[web/hk-device-dws.png]
[web/module.png]
[web/wall-plug-usa.png]
[web/desktop_phones.png]
[web/mobile_phones.png]
[web/use-cases-dws.jpg]
[web/use-cases-motion.jpg]
[web/kamera_zewnetrzna.jpg]
[web/use-cases-safety-_usecase_4.jpg]
[web/use-cases-alexa-google.jpg]
[web/use-cases-wallplug-us.jpg]
[web/use-cases-switch.jpg]
[web/use-cases-light-voice.png]
[web/use-cases-thermostat.jpg]
[web/use-cases-climate-_usecase_1.jpg]
[web/use-cases-energy.jpg]
[web/use-cases-multimedia-savings.jpg]
[web/smart-home-system.png]
[web/vendor.1912191358.js]
[web/main.2110191037.js]
[web/main-smart-things.0602191259.js]
[web/index.html]
[web/mstile-144x144.html]
[web/cant-find.png]
[web/second-nav-bg.png]
[web/main.2906200724.css]
[web/timed-contenta4b6.css]
[web/gtm5445.html]
[web/cant-find.html]
