[web/index.html]
[backblue.gif]
[fade.gif]
[index.html]
[web/mstile-144x144.png]
[web/mstile-70x70.png]
[web/mstile-150x150.png]
[web/favicon-16x16.png]
[web/favicon-32x32.png]
[web/favicon-96x96.png]
[web/favicon-128x128.png]
[web/favicon-196x196.png]
[web/apple-touch-icon-57x57.png]
[web/apple-touch-icon-60x60.png]
[web/apple-touch-icon-72x72.png]
[web/apple-touch-icon-76x76.png]
[web/apple-touch-icon-114x114.png]
[web/apple-touch-icon-120x120.png]
[web/apple-touch-icon-144x144.png]
[web/apple-touch-icon-152x152.png]
[web/apple-touch-icon-180x180.png]
[web/main.2906200724.css]
[web/cf7.css]
[web/chosen.css]
[web/swiper.min576c.css]
[web/fibaro-installers-training-public.min576c.css]
[web/timed-contenta4b6.css]
[web/jqueryb8ff.js]
[web/jquery-migrate.min330a.js]
[web/timed-contenta4b6.js]
[web/header-mobile.jpg]
[web/header-desktop.jpg]
[web/nav_walli_2.jpg]
[web/nav-dimmer.jpg]
[web/nav-switches.jpg]
[web/nav-rgbw-1.jpg]
[web/wall_plugi_menu_icon_3.jpg]
[web/nav-roller-1.jpg]
[web/nav_smartimplant.png]
[web/nav-thermo.png]
[web/nav-smoke-1.jpg]
[web/nav-co.jpg]
[web/nav-intercom.jpg]
[web/nav-motion.jpg]
[web/nav-dws.jpg]
[web/nav-flood.jpg]
[web/nav-keyfob.jpg]
[web/nav-button.jpg]
[web/nav-swipe.jpg]
[web/nav_app.jpg]
[web/nav-hc2-black.jpg]
[web/nav-hc3-black.jpg]
[web/nav-hcl.jpg]
[web/nav-fibaro.png]
[web/nav-smartthings.png]
[web/nav-homekit.png]
[web/smart-home-developer.jpg]
[web/smart-home-system.png]
[web/intltelinputf145.css]
[web/jquery.form.mind03d.js]
[web/scripts4906.js]
[web/chosen.min.js]
[web/swiper.min576c.js]
[web/fibaro-installers-training-public.min576c.js]
[web/vendor.1912191358.js]
[web/main.2110191037.js]
[web/intltelinput.minf145.js]
[web/script.min2fca.js]
[web/apiae20.js]
[web/index.html]
[web/mstile-144x144.html]
[web/cant-find.png]
[web/second-nav-bg.png]
[web/main.2906200724.css]
[web/form-wait.gif]
[web/cf7.css]
[web/chosen-sprite.png]
[web/chosen-sprite@2x.png]
[web/chosen.css]
[web/swiper.min576c.css]
[web/cant-find.png]
[web/preloader_48.gif]
[web/fibaro-installers-training-public.min576c.css]
[web/timed-contenta4b6.css]
[web/gtm5445.html]
[web/flags.png]
[web/intltelinputf145.css]
[web/flags@2x.png]
[web/cant-find.html]
