[web/index.html]
[backblue.gif]
[fade.gif]
[index.html]
[web/mstile-144x144.png]
[web/mstile-70x70.png]
[web/mstile-150x150.png]
[web/favicon-16x16.png]
[web/favicon-32x32.png]
[web/favicon-96x96.png]
[web/favicon-128x128.png]
[web/favicon-196x196.png]
[web/apple-touch-icon-57x57.png]
[web/apple-touch-icon-60x60.png]
[web/apple-touch-icon-72x72.png]
[web/apple-touch-icon-76x76.png]
[web/apple-touch-icon-114x114.png]
[web/apple-touch-icon-120x120.png]
[web/apple-touch-icon-144x144.png]
[web/apple-touch-icon-152x152.png]
[web/apple-touch-icon-180x180.png]
[web/main.2906200724.css]
[web/timed-contenta4b6.css]
[web/jqueryb8ff.js]
[web/jquery-migrate.min330a.js]
[web/timed-contenta4b6.js]
[web/header-mobile-1.jpg]
[web/header-desktop-1.jpg]
[web/data-safety-mobile.jpg]
[web/data-safety-desktop.jpg]
[web/plug-n-play-mobile-us.jpg]
[web/plug-n-play-desktop-us.jpg]
[web/voice-control-mobile.jpg]
[web/voice-control-desktop.jpg]
[web/anywhere-access-mobile.jpg]
[web/anywhere-access-desktop.jpg]
[web/safety-security-mobile.jpg]
[web/safety-security-desktop.jpg]
[web/real-savings-mobile.jpg]
[web/real-savings-desktop.jpg]
[web/comfort-mobile.jpg]
[web/comfort-desktop.jpg]
[web/explore-mobile-us.jpg]
[web/explore-desktop-us.jpg]
[web/nav-dimmer.jpg]
[web/nav-relay.jpg]
[web/nav-rgbw-1.jpg]
[web/ikona_wp_us_menu.jpg]
[web/nav_smartimplant.png]
[web/nav-motion.jpg]
[web/nav-dws.jpg]
[web/nav-flood.jpg]
[web/nav-keyfob.jpg]
[web/nav-button.jpg]
[web/nav-swipe.jpg]
[web/nav_app.jpg]
[web/nav-hc2.jpg]
[web/nav-hcl.jpg]
[web/nav-fibaro.png]
[web/nav-smartthings.png]
[web/nav-homekit.png]
[web/home-by-fibaro-desktop.jpg]
[web/smart-home-system.png]
[web/vendor.1912191358.js]
[web/main.2110191037.js]
[web/main-why-fibaro.2211170905.js]
[web/index.html]
[web/mstile-144x144.html]
[web/cant-find.png]
[web/second-nav-bg.png]
[web/main.2906200724.css]
[web/timed-contenta4b6.css]
[web/gtm5445.html]
[web/cant-find.html]
