[web/index.html]
[backblue.gif]
[fade.gif]
[index.html]
[web/facebook.png]
[web/twitter.png]
[web/mstile-144x144.png]
[web/mstile-70x70.png]
[web/mstile-150x150.png]
[web/favicon-16x16.png]
[web/favicon-32x32.png]
[web/favicon-96x96.png]
[web/favicon-128x128.png]
[web/favicon-196x196.png]
[web/apple-touch-icon-57x57.png]
[web/apple-touch-icon-60x60.png]
[web/apple-touch-icon-72x72.png]
[web/apple-touch-icon-76x76.png]
[web/apple-touch-icon-114x114.png]
[web/apple-touch-icon-120x120.png]
[web/apple-touch-icon-144x144.png]
[web/apple-touch-icon-152x152.png]
[web/apple-touch-icon-180x180.png]
[web/main.2906200724.css]
[web/timed-contenta4b6.css]
[web/jqueryb8ff.js]
[web/jquery-migrate.min330a.js]
[web/timed-contenta4b6.js]
[web/triangle-button.png]
[web/header-mobile.jpg]
[web/header-static.jpg]
[web/header-parallax-0.jpg]
[web/header-parallax-1.png]
[web/header-parallax-2.png]
[web/header-parallax-3.png]
[web/movie-poster.png]
[web/nature-mobile.jpg]
[web/nature.jpg]
[web/child-mobile.jpg]
[web/child.jpg]
[web/at-work-mobile.jpg]
[web/at-work-lamps-none.jpg]
[web/at-work-lamps-left.jpg]
[web/at-work-lamps-right.jpg]
[web/at-work-lamps-both.jpg]
[web/button-x.png]
[web/button-triangle.png]
[web/at-work-remote.png]
[web/easy-access-01-mobile.jpg]
[web/easy-access-01.jpg]
[web/easy-access-02-mobile.jpg]
[web/easy-access-02.jpg]
[web/back-home-mobile.jpg]
[web/back-home.jpg]
[web/garage-mobile.jpg]
[web/garage.jpg]
[web/hand-mobile.jpg]
[web/hand.jpg]
[web/ip54-mobile.jpg]
[web/ip54-desktop.jpg]
[web/lock-mobile.jpg]
[web/lock-yale.jpg]
[web/pregnancy-mobile.jpg]
[web/pregnancy.jpg]
[web/nav-dimmer.jpg]
[web/nav-relay.jpg]
[web/nav-rgbw-1.jpg]
[web/ikona_wp_us_menu.jpg]
[web/nav_smartimplant.png]
[web/nav-motion.jpg]
[web/nav-dws.jpg]
[web/nav-flood.jpg]
[web/nav-keyfob.jpg]
[web/nav-button.jpg]
[web/nav-swipe.jpg]
[web/nav_app.jpg]
[web/nav-hc2.jpg]
[web/nav-hcl.jpg]
[web/nav-fibaro.png]
[web/nav-smartthings.png]
[web/nav-homekit.png]
[web/design-02.png]
[web/sequence.jpg]
[web/left.jpg]
[web/middle.jpg]
[web/right.jpg]
[web/quickstart-01.png]
[web/quickstart-02.png]
[web/possibilities-left.png]
[web/possibilities-right.png]
[web/security-01.jpg]
[web/security-02.png]
[web/one-02.png]
[web/packshot-product.jpg]
[web/smart-home-system.png]
[web/vendor.1912191358.js]
[web/main.2110191037.js]
[web/main-keyfob.2211170905.js]
[web/index.html]
[web/mstile-144x144.html]
[web/cant-find.png]
[web/second-nav-bg.png]
[web/main.2906200724.css]
[web/timed-contenta4b6.css]
[web/gtm5445.html]
[web/cant-find.html]
