[web/index.html]
[web/autoptimize_ac555af369ac918e3561733dc8c69923.css]
[backblue.gif]
[fade.gif]
[index.html]
[web/home-center-3.jpg]
[web/mstile-144x144.png]
[web/mstile-70x70.png]
[web/mstile-150x150.png]
[web/favicon-16x16.png]
[web/favicon-32x32.png]
[web/favicon-96x96.png]
[web/favicon-128x128.png]
[web/favicon-196x196.png]
[web/apple-touch-icon-57x57.png]
[web/apple-touch-icon-60x60.png]
[web/apple-touch-icon-72x72.png]
[web/apple-touch-icon-76x76.png]
[web/apple-touch-icon-114x114.png]
[web/apple-touch-icon-120x120.png]
[web/apple-touch-icon-144x144.png]
[web/apple-touch-icon-152x152.png]
[web/apple-touch-icon-180x180.png]
[web/main.2906200724.css]
[web/jqueryb8ff.js]
[web/jquery-migrate.min330a.js]
[web/autoptimize_single_8ca24f8204da07daabfe76657e921627a4b6.js]
[web/data_safety_mobile.jpg]
[web/application_mobile.jpg]
[web/carplay_on_mobile.jpg]
[web/carplay_off_mobile.jpg]
[web/hc3_packshot_mobile.jpg]
[web/nointernet_off_mobile.jpg]
[web/nointernet_on_mobile.jpg]
[web/data_safety.jpg]
[web/application.jpg]
[web/carplay_on.jpg]
[web/carplay_off.jpg]
[web/hc3_packshot.jpg]
[web/nav_walli_2.jpg]
[web/nav-dimmer.jpg]
[web/nav-switches.jpg]
[web/nav-rgbw-1.jpg]
[web/wall_plugi_menu_icon_3.jpg]
[web/nav-roller-1.jpg]
[web/nav_smartimplant.png]
[web/nav-thermo.png]
[web/nav-smoke-1.jpg]
[web/nav-co.jpg]
[web/nav-intercom.jpg]
[web/nav-motion.jpg]
[web/nav-dws.jpg]
[web/nav-flood.jpg]
[web/nav-keyfob.jpg]
[web/nav-button.jpg]
[web/nav-swipe.jpg]
[web/nav_app.jpg]
[web/nav-hc2-black.jpg]
[web/nav-hc3-black.jpg]
[web/nav-hcl.jpg]
[web/nav-fibaro.png]
[web/nav-smartthings.png]
[web/nav-homekit.png]
[web/wifi_on.png]
[web/wifi_off.png]
[web/hc3.png]
[web/house.png]
[web/hc3_google.png]
[web/hc3_alexa.png]
[web/hc3_siri_shortcuts.png]
[web/carplay_animated.gif]
[web/smart-home-system.png]
[web/lazysizes.min6b63.js]
[web/vendor.1912191358.js]
[web/index-2.html]
[web/main.2110191037.js]
[web/main-hc3.1912190935.js]
[web/index.html]
[web/autoptimize_ac555af369ac918e3561733dc8c69923.css]
[web/mstile-144x144.html]
[web/cant-find.png]
[web/second-nav-bg.png]
[web/main.2906200724.css]
[web/gtm5445.html]
[web/index-2.html]
[web/cant-find.html]
