[web/index.html]
[backblue.gif]
[fade.gif]
[index.html]
[web/facebook-the-button.jpg]
[web/twitter-the-button.jpg]
[web/mstile-144x144.png]
[web/mstile-70x70.png]
[web/mstile-150x150.png]
[web/favicon-16x16.png]
[web/favicon-32x32.png]
[web/favicon-96x96.png]
[web/favicon-128x128.png]
[web/favicon-196x196.png]
[web/apple-touch-icon-57x57.png]
[web/apple-touch-icon-60x60.png]
[web/apple-touch-icon-72x72.png]
[web/apple-touch-icon-76x76.png]
[web/apple-touch-icon-114x114.png]
[web/apple-touch-icon-120x120.png]
[web/apple-touch-icon-144x144.png]
[web/apple-touch-icon-152x152.png]
[web/apple-touch-icon-180x180.png]
[web/main.2906200724.css]
[web/timed-contenta4b6.css]
[web/jqueryb8ff.js]
[web/jquery-migrate.min330a.js]
[web/timed-contenta4b6.js]
[web/button-on.png]
[web/button-off.png]
[web/movie-poster-4.jpg]
[web/hands-mobile.jpg]
[web/hands.png]
[web/always-close-mobile.jpg]
[web/always-close.jpg]
[web/hidden.jpg]
[web/care-mobile.jpg]
[web/care.jpg]
[web/notifications-mobile-4.jpg]
[web/notifications-2.jpg]
[web/family-mobile.jpg]
[web/family.jpg]
[web/hands-on.jpg]
[web/hands-off.jpg]
[web/bulb.png]
[web/projector.png]
[web/fan.png]
[web/pizza-mobile.jpg]
[web/pizza.jpg]
[web/cinema-on-mobile.jpg]
[web/cinema-off-mobile.jpg]
[web/cinema-on.jpg]
[web/cinema-off.jpg]
[web/kid-reach-mobile.jpg]
[web/kid-reach.jpg]
[web/hotel-mobile.jpg]
[web/hotel.jpg]
[web/synchronize-mobile.jpg]
[web/synchronize.jpg]
[web/be-late-off-mobile.jpg]
[web/be-late-on-mobile.jpg]
[web/be-late-off.jpg]
[web/be-late-on.jpg]
[web/goodnight-mobile.jpg]
[web/goodnight.jpg]
[web/nav-dimmer.jpg]
[web/nav-relay.jpg]
[web/nav-rgbw-1.jpg]
[web/ikona_wp_us_menu.jpg]
[web/nav_smartimplant.png]
[web/nav-motion.jpg]
[web/nav-dws.jpg]
[web/nav-flood.jpg]
[web/nav-keyfob.jpg]
[web/nav-button.jpg]
[web/nav-swipe.jpg]
[web/nav_app.jpg]
[web/nav-hc2.jpg]
[web/nav-hcl.jpg]
[web/nav-fibaro.png]
[web/nav-smartthings.png]
[web/nav-homekit.png]
[web/home-on.png]
[web/color-bg-m-blue.jpg]
[web/color-bg-m-yellow.jpg]
[web/color-bg-m-green.jpg]
[web/color-bg-m-orange.jpg]
[web/color-bg-m-brown.jpg]
[web/color-bg-m-red.jpg]
[web/color-bg-m-black.jpg]
[web/color-bg-m-white.jpg]
[web/color-bt-blue.png]
[web/color-bt-yellow.png]
[web/color-bt-green.png]
[web/color-bt-orange.png]
[web/color-bt-brown.png]
[web/color-bt-red.png]
[web/color-bt-black.png]
[web/color-bt-white.png]
[web/sequence.png]
[web/button-hk-enabled-mobile-us.jpg]
[web/button-hk-enabled-us.jpg]
[web/board-on-en-mobile.jpg]
[web/board-off-en-mobile.jpg]
[web/packshot_button_hk.png]
[web/packshot_button_zw.png]
[web/smart-home-system.png]
[web/vendor.1912191358.js]
[web/main.2110191037.js]
[web/main-button.2211170905.js]
[web/index.html]
[web/mstile-144x144.html]
[web/cant-find.png]
[web/second-nav-bg.png]
[web/main.2906200724.css]
[web/timed-contenta4b6.css]
[web/gtm5445.html]
[web/cant-find.html]
