[web/index.html]
[backblue.gif]
[fade.gif]
[index.html]
[web/facebook-swipe.jpg]
[web/twitter-swipe.jpg]
[web/mstile-144x144.png]
[web/mstile-70x70.png]
[web/mstile-150x150.png]
[web/favicon-16x16.png]
[web/favicon-32x32.png]
[web/favicon-96x96.png]
[web/favicon-128x128.png]
[web/favicon-196x196.png]
[web/apple-touch-icon-57x57.png]
[web/apple-touch-icon-60x60.png]
[web/apple-touch-icon-72x72.png]
[web/apple-touch-icon-76x76.png]
[web/apple-touch-icon-114x114.png]
[web/apple-touch-icon-120x120.png]
[web/apple-touch-icon-144x144.png]
[web/apple-touch-icon-152x152.png]
[web/apple-touch-icon-180x180.png]
[web/main.2906200724.css]
[web/timed-contenta4b6.css]
[web/jqueryb8ff.js]
[web/jquery-migrate.min330a.js]
[web/timed-contenta4b6.js]
[web/movie-poster-3.jpg]
[web/balerina-mobile.jpg]
[web/balerina.jpg]
[web/anim-frame-pt-mobile.png]
[web/anim-screen-pt-mobile.png]
[web/anim-sensor-pt-mobile.png]
[web/anim-back-pt-mobile.png]
[web/anim-power-pt-mobile.png]
[web/anim-frame-pt.png]
[web/anim-screen-pt.png]
[web/anim-sensor-pt.png]
[web/anim-back-pt.png]
[web/anim-power-pt.png]
[web/beautiful-mobile.jpg]
[web/beautiful.jpg]
[web/battery-mobile.jpg]
[web/battery.jpg]
[web/intuitive-on-mobile.jpg]
[web/intuitive-off-mobile.jpg]
[web/intuitive-on.jpg]
[web/intuitive-off.jpg]
[web/table-mobile.jpg]
[web/hide-large.jpg]
[web/passage-mobile.jpg]
[web/passage.jpg]
[web/senior-mobile.jpg]
[web/senior.jpg]
[web/audio-mobile.jpg]
[web/audio-large.jpg]
[web/roof-mobile.jpg]
[web/roof.jpg]
[web/office-mobile.jpg]
[web/office-off.jpg]
[web/office-on.jpg]
[web/kids-mobile.jpg]
[web/kids-large.jpg]
[web/goodmorning-mobile.jpg]
[web/goodmorning.jpg]
[web/go-out-mobile.jpg]
[web/go-out.jpg]
[web/nav-dimmer.jpg]
[web/nav-relay.jpg]
[web/nav-rgbw-1.jpg]
[web/ikona_wp_us_menu.jpg]
[web/nav_smartimplant.png]
[web/nav-motion.jpg]
[web/nav-dws.jpg]
[web/nav-flood.jpg]
[web/nav-keyfob.jpg]
[web/nav-button.jpg]
[web/nav-swipe.jpg]
[web/nav_app.jpg]
[web/nav-hc2.jpg]
[web/nav-hcl.jpg]
[web/nav-fibaro.png]
[web/nav-smartthings.png]
[web/nav-homekit.png]
[web/header-mobile-6.jpg]
[web/header-3.jpg]
[web/gestures.jpg]
[web/design-left.jpg]
[web/design-right.jpg]
[web/version-black.jpg]
[web/version-white.jpg]
[web/anim-back.png]
[web/anim-sensor.png]
[web/anim-screen.png]
[web/anim-frame.png]
[web/personalization1.jpg]
[web/personalization2.jpg]
[web/personalization3.jpg]
[web/hide-small.png]
[web/audio-small.jpg]
[web/kids-small.jpg]
[web/smart-home-system.png]
[web/vendor.1912191358.js]
[web/main.2110191037.js]
[web/index.html]
[web/main-swipe.2211170905.js]
[web/mstile-144x144.html]
[web/cant-find.png]
[web/second-nav-bg.png]
[web/main.2906200724.css]
[web/timed-contenta4b6.css]
[web/gtm5445.html]
[web/cant-find.html]
