[web/index.html]
[backblue.gif]
[fade.gif]
[index.html]
[web/mstile-144x144.png]
[web/mstile-70x70.png]
[web/mstile-150x150.png]
[web/favicon-16x16.png]
[web/favicon-32x32.png]
[web/favicon-96x96.png]
[web/favicon-128x128.png]
[web/favicon-196x196.png]
[web/apple-touch-icon-57x57.png]
[web/apple-touch-icon-60x60.png]
[web/apple-touch-icon-72x72.png]
[web/apple-touch-icon-76x76.png]
[web/apple-touch-icon-114x114.png]
[web/apple-touch-icon-120x120.png]
[web/apple-touch-icon-144x144.png]
[web/apple-touch-icon-152x152.png]
[web/apple-touch-icon-180x180.png]
[web/main.2906200724.css]
[web/timed-contenta4b6.css]
[web/jqueryb8ff.js]
[web/jquery-migrate.min330a.js]
[web/timed-contenta4b6.js]
[web/header-mobile-2.jpg]
[web/header-desktop-2.jpg]
[web/movie-poster-mobile.jpg]
[web/movie-poster-desktop.jpg]
[web/interfaces-mobile.jpg]
[web/interfaces-desktop.jpg]
[web/plugins-mobile.jpg]
[web/plugins-desktop.jpg]
[web/joga-mobile.jpg]
[web/joga.jpg]
[web/nav-dimmer.jpg]
[web/nav-relay.jpg]
[web/nav-rgbw-1.jpg]
[web/ikona_wp_us_menu.jpg]
[web/nav_smartimplant.png]
[web/nav-motion.jpg]
[web/nav-dws.jpg]
[web/nav-flood.jpg]
[web/nav-keyfob.jpg]
[web/nav-button.jpg]
[web/nav-swipe.jpg]
[web/nav_app.jpg]
[web/nav-hc2.jpg]
[web/nav-hcl.jpg]
[web/nav-fibaro.png]
[web/nav-smartthings.png]
[web/nav-homekit.png]
[web/google_assistant_logo.png]
[web/amazon_alexa_logo.png]
[web/messenger_icon_m.png]
[web/fibaro_bot_bg.jpg]
[web/google_film.jpg]
[web/amazon_film.jpg]
[web/philips-mobile.jpg]
[web/sonos-mobile.jpg]
[web/dlink-mobile.jpg]
[web/netatmo-mobile.jpg]
[web/dev-philips.jpg]
[web/philips-logo.png]
[web/dev-netatmo.jpg]
[web/netatmo-logo.png]
[web/dev-sonos.jpg]
[web/sonos-logo.png]
[web/dev-dlink.jpg]
[web/dlink-logo.png]
[web/dev-yale.jpg]
[web/yale-logo.png]
[web/dev-dsc.jpg]
[web/dsc-logo.png]
[web/smart-home-system.png]
[web/vendor.1912191358.js]
[web/main.2110191037.js]
[web/index.html]
[web/main-compatibility.0308180951.js]
[web/mstile-144x144.html]
[web/cant-find.png]
[web/second-nav-bg.png]
[web/main.2906200724.css]
[web/timed-contenta4b6.css]
[web/gtm5445.html]
[web/cant-find.html]
